<?xml version="1.0" encoding="UTF-8"?>
<testsuite xmlns:xsi="http://www.w3.org/2001/XMLSchema-instance" xsi:noNamespaceSchemaLocation="https://maven.apache.org/surefire/maven-surefire-plugin/xsd/surefire-test-report-3.0.xsd" version="3.0" name="com.luv2code.junitdemo.DemoUtilsTest" time="2.297" tests="10" errors="0" skipped="0" failures="0">
  <properties>
[...]
</properties>
  <testcase name="DemoUtilsTest, testequalsAndNotEquals()" classname="com.luv2code.junitdemo.DemoUtilsTest" time="0.092"/>
  <testcase name="DemoUtilsTest, trueandFalse()" classname="com.luv2code.junitdemo.DemoUtilsTest" time="0.005"/>
  <testcase name="DemoUtilsTest, testItrableEquals()" classname="com.luv2code.junitdemo.DemoUtilsTest" time="0.004"/>
  <testcase name="DemoUtilsTest, testTimeOut()" classname="com.luv2code.junitdemo.DemoUtilsTest" time="2.024">
    <system-out><![CDATA[I am going to sleep
Sleeping over
]]></system-out>
  </testcase>
  <testcase name="DemoUtilsTest, TestLineMatch()" classname="com.luv2code.junitdemo.DemoUtilsTest" time="0.024"/>
  <testcase name="DemoUtilsTest, testArrayEquals()" classname="com.luv2code.junitdemo.DemoUtilsTest" time="0.011"/>
  <testcase name="DemoUtilsTest, testNullOrNotNull()" classname="com.luv2code.junitdemo.DemoUtilsTest" time="0.005"/>
  <testcase name="DemoUtilsTest, testSameandNotSame()" classname="com.luv2code.junitdemo.DemoUtilsTest" time="0.004"/>
  <testcase name="DemoUtilsTest, testMultiply()" classname="com.luv2code.junitdemo.DemoUtilsTest" time="0.003"/>
  <testcase name="DemoUtilsTest, testThrows()" classname="com.luv2code.junitdemo.DemoUtilsTest" time="0.006"/>
</testsuite>